E:\格子\大三下\D3D\final\Debug\final.pdb
E:\格子\大三下\D3D\final\final\Debug\cl.command.1.tlog
E:\格子\大三下\D3D\final\final\Debug\CL.read.1.tlog
E:\格子\大三下\D3D\final\final\Debug\CL.write.1.tlog
E:\格子\大三下\D3D\FINAL\FINAL\DEBUG\D3DINIT.OBJ
E:\格子\大三下\D3D\FINAL\FINAL\DEBUG\D3DUTILITY.OBJ
E:\格子\大三下\D3D\final\final\Debug\final.exe.embed.manifest
E:\格子\大三下\D3D\FINAL\FINAL\DEBUG\FINAL.EXE.EMBED.MANIFEST.RES
E:\格子\大三下\D3D\final\final\Debug\final.exe.intermediate.manifest
E:\格子\大三下\D3D\final\final\Debug\final.write.1.tlog
E:\格子\大三下\D3D\final\final\Debug\final_manifest.rc
E:\格子\大三下\D3D\final\final\Debug\link.command.1.tlog
E:\格子\大三下\D3D\final\final\Debug\link.read.1.tlog
E:\格子\大三下\D3D\final\final\Debug\link.write.1.tlog
E:\格子\大三下\D3D\final\final\Debug\link-cvtres.read.1.tlog
E:\格子\大三下\D3D\final\final\Debug\link-cvtres.write.1.tlog
E:\格子\大三下\D3D\final\final\Debug\rc.command.1.tlog
E:\格子\大三下\D3D\final\final\Debug\rc.read.1.tlog
E:\格子\大三下\D3D\final\final\Debug\rc.write.1.tlog
E:\格子\大三下\D3D\final\final\Debug\vc100.idb
E:\格子\大三下\D3D\FINAL\FINAL\DEBUG\VC100.PDB
