生成启动时间为 2019/5/25 21:31:13。
     1>项目“E:\格子\大三下\D3D\final\final2\final\final.vcxproj”在节点 2 上(build 个目标)。
     1>InitializeBuildStatus:
         正在创建“Debug\final.unsuccessfulbuild”，因为已指定“AlwaysCreate”。
       ClCompile:
         D:\VS2010\VC\bin\CL.exe /c /ZI /nologo /W3 /WX- /Od /Oy- /D WIN32 /D _DEBUG /D _WINDOWS /Gm /EHsc /RTC1 /MDd /GS /fp:precise /Zc:wchar_t /Zc:forScope /Fo"Debug\\" /Fd"Debug\vc100.pdb" /Gd /TP /analyze- /errorReport:prompt d3dInit.cpp
         d3dInit.cpp
       ManifestResourceCompile:
         所有输出均为最新。
       Link:
         D:\VS2010\VC\bin\link.exe /ERRORREPORT:PROMPT /OUT:"E:\格子\大三下\D3D\final\final2\Debug\final.exe" /INCREMENTAL /NOLOGO dxerr.lib dxguid.lib d3d9.lib d3dx9.lib winmm.lib kernel32.lib user32.lib gdi32.lib winspool.lib comdlg32.lib advapi32.lib shell32.lib ole32.lib oleaut32.lib uuid.lib odbc32.lib odbccp32.lib /MANIFEST /ManifestFile:"Debug\final.exe.intermediate.manifest" /MANIFESTUAC:"level='asInvoker' uiAccess='false'" /DEBUG /PDB:"E:\格子\大三下\D3D\final\final2\Debug\final.pdb" /SUBSYSTEM:WINDOWS /TLBID:1 /DYNAMICBASE /NXCOMPAT /IMPLIB:"E:\格子\大三下\D3D\final\final2\Debug\final.lib" /MACHINE:X86 Debug\final.exe.embed.manifest.res
         Debug\d3dInit.obj
         Debug\d3dUtility.obj
       Manifest:
         C:\Program Files (x86)\Microsoft SDKs\Windows\v7.0A\bin\mt.exe /nologo /verbose /out:"Debug\final.exe.embed.manifest" /manifest Debug\final.exe.intermediate.manifest
         所有输出均为最新。
       LinkEmbedManifest:
         所有输出均为最新。
         final.vcxproj -> E:\格子\大三下\D3D\final\final2\Debug\final.exe
       FinalizeBuildStatus:
         正在删除文件“Debug\final.unsuccessfulbuild”。
         正在对“Debug\final.lastbuildstate”执行 Touch 任务。
     1>已完成生成项目“E:\格子\大三下\D3D\final\final2\final\final.vcxproj”(build 个目标)的操作。

生成成功。

已用时间 00:00:02.03
